[debug] [2024-02-02T19:03:57.038Z] ----------------------------------------------------------------------
[debug] [2024-02-02T19:03:57.042Z] Command:       C:\Program Files\nodejs\node.exe C:\Users\lipik\AppData\Roaming\npm\node_modules\firebase-tools\lib\bin\firebase.js init
[debug] [2024-02-02T19:03:57.042Z] CLI Version:   13.1.0
[debug] [2024-02-02T19:03:57.042Z] Platform:      win32
[debug] [2024-02-02T19:03:57.042Z] Node Version:  v20.11.0
[debug] [2024-02-02T19:03:57.043Z] Time:          Sat Feb 03 2024 00:33:57 GMT+0530 (India Standard Time)
[debug] [2024-02-02T19:03:57.043Z] ----------------------------------------------------------------------
[debug] 
[debug] [2024-02-02T19:03:57.151Z] > command requires scopes: ["email","openid","https://www.googleapis.com/auth/cloudplatformprojects.readonly","https://www.googleapis.com/auth/firebase","https://www.googleapis.com/auth/cloud-platform"]
[debug] [2024-02-02T19:03:57.152Z] > authorizing via signed-in user (lipikasony@gmail.com)
[info] 
     ######## #### ########  ######## ########     ###     ######  ########
     ##        ##  ##     ## ##       ##     ##  ##   ##  ##       ##
     ######    ##  ########  ######   ########  #########  ######  ######
     ##        ##  ##    ##  ##       ##     ## ##     ##       ## ##
     ##       #### ##     ## ######## ########  ##     ##  ######  ########

You're about to initialize a Firebase project in this directory:

  C:\Users\lipik\OneDrive\Desktop\New folder\amazon-clone

Before we get started, keep in mind:

  * You are initializing within an existing Firebase project directory

